{"C:\\Users\\lukas\\Documents\\Repositorios\\BotArena\\botarena-back\\src\\handlers\\botHandler.js": {"path":"C:\\Users\\lukas\\Documents\\Repositorios\\BotArena\\botarena-back\\src\\handlers\\botHandler.js","statementMap":{"0":{"start":{"line":4,"column":21},"end":{"line":4,"column":30}},"1":{"start":{"line":15,"column":4},"end":{"line":18,"column":5}},"2":{"start":{"line":16,"column":8},"end":{"line":16,"column":108}},"3":{"start":{"line":17,"column":8},"end":{"line":17,"column":21}},"4":{"start":{"line":19,"column":4},"end":{"line":25,"column":5}},"5":{"start":{"line":20,"column":8},"end":{"line":20,"column":30}},"6":{"start":{"line":21,"column":8},"end":{"line":21,"column":20}},"7":{"start":{"line":23,"column":8},"end":{"line":23,"column":64}},"8":{"start":{"line":24,"column":8},"end":{"line":24,"column":21}},"9":{"start":{"line":39,"column":4},"end":{"line":39,"column":41}},"10":{"start":{"line":40,"column":4},"end":{"line":40,"column":48}},"11":{"start":{"line":41,"column":4},"end":{"line":121,"column":7}},"12":{"start":{"line":42,"column":8},"end":{"line":42,"column":31}},"13":{"start":{"line":42,"column":24},"end":{"line":42,"column":31}},"14":{"start":{"line":45,"column":8},"end":{"line":48,"column":9}},"15":{"start":{"line":46,"column":12},"end":{"line":46,"column":77}},"16":{"start":{"line":47,"column":12},"end":{"line":47,"column":19}},"17":{"start":{"line":50,"column":8},"end":{"line":50,"column":100}},"18":{"start":{"line":52,"column":8},"end":{"line":61,"column":9}},"19":{"start":{"line":53,"column":12},"end":{"line":60,"column":15}},"20":{"start":{"line":63,"column":8},"end":{"line":63,"column":30}},"21":{"start":{"line":63,"column":23},"end":{"line":63,"column":30}},"22":{"start":{"line":65,"column":8},"end":{"line":120,"column":9}},"23":{"start":{"line":66,"column":27},"end":{"line":66,"column":51}},"24":{"start":{"line":68,"column":12},"end":{"line":71,"column":13}},"25":{"start":{"line":69,"column":16},"end":{"line":69,"column":74}},"26":{"start":{"line":70,"column":16},"end":{"line":70,"column":23}},"27":{"start":{"line":73,"column":30},"end":{"line":73,"column":38}},"28":{"start":{"line":76,"column":12},"end":{"line":82,"column":13}},"29":{"start":{"line":77,"column":16},"end":{"line":77,"column":44}},"30":{"start":{"line":78,"column":33},"end":{"line":79,"column":78}},"31":{"start":{"line":80,"column":29},"end":{"line":80,"column":76}},"32":{"start":{"line":81,"column":16},"end":{"line":81,"column":87}},"33":{"start":{"line":81,"column":26},"end":{"line":81,"column":87}},"34":{"start":{"line":84,"column":25},"end":{"line":84,"column":54}},"35":{"start":{"line":87,"column":12},"end":{"line":99,"column":13}},"36":{"start":{"line":88,"column":34},"end":{"line":88,"column":60}},"37":{"start":{"line":89,"column":16},"end":{"line":97,"column":17}},"38":{"start":{"line":90,"column":20},"end":{"line":91,"column":81}},"39":{"start":{"line":91,"column":24},"end":{"line":91,"column":81}},"40":{"start":{"line":92,"column":23},"end":{"line":97,"column":17}},"41":{"start":{"line":93,"column":20},"end":{"line":94,"column":82}},"42":{"start":{"line":94,"column":24},"end":{"line":94,"column":82}},"43":{"start":{"line":96,"column":20},"end":{"line":96,"column":131}},"44":{"start":{"line":98,"column":16},"end":{"line":98,"column":23}},"45":{"start":{"line":102,"column":12},"end":{"line":106,"column":13}},"46":{"start":{"line":103,"column":16},"end":{"line":104,"column":73}},"47":{"start":{"line":104,"column":20},"end":{"line":104,"column":73}},"48":{"start":{"line":105,"column":16},"end":{"line":105,"column":23}},"49":{"start":{"line":109,"column":28},"end":{"line":109,"column":67}},"50":{"start":{"line":110,"column":12},"end":{"line":114,"column":13}},"51":{"start":{"line":111,"column":16},"end":{"line":112,"column":100}},"52":{"start":{"line":112,"column":20},"end":{"line":112,"column":100}},"53":{"start":{"line":113,"column":16},"end":{"line":113,"column":23}},"54":{"start":{"line":116,"column":12},"end":{"line":116,"column":85}},"55":{"start":{"line":119,"column":12},"end":{"line":119,"column":63}},"56":{"start":{"line":124,"column":0},"end":{"line":124,"column":37}}},"fnMap":{"0":{"name":"safeReply","decl":{"start":{"line":14,"column":15},"end":{"line":14,"column":24}},"loc":{"start":{"line":14,"column":53},"end":{"line":26,"column":1}},"line":14},"1":{"name":"setupBotHandler","decl":{"start":{"line":38,"column":9},"end":{"line":38,"column":24}},"loc":{"start":{"line":38,"column":97},"end":{"line":122,"column":1}},"line":38},"2":{"name":"(anonymous_2)","decl":{"start":{"line":41,"column":32},"end":{"line":41,"column":33}},"loc":{"start":{"line":41,"column":47},"end":{"line":121,"column":5}},"line":41}},"branchMap":{"0":{"loc":{"start":{"line":15,"column":4},"end":{"line":18,"column":5}},"type":"if","locations":[{"start":{"line":15,"column":4},"end":{"line":18,"column":5}},{"start":{},"end":{}}],"line":15},"1":{"loc":{"start":{"line":42,"column":8},"end":{"line":42,"column":31}},"type":"if","locations":[{"start":{"line":42,"column":8},"end":{"line":42,"column":31}},{"start":{},"end":{}}],"line":42},"2":{"loc":{"start":{"line":45,"column":8},"end":{"line":48,"column":9}},"type":"if","locations":[{"start":{"line":45,"column":8},"end":{"line":48,"column":9}},{"start":{},"end":{}}],"line":45},"3":{"loc":{"start":{"line":45,"column":12},"end":{"line":45,"column":73}},"type":"binary-expr","locations":[{"start":{"line":45,"column":12},"end":{"line":45,"column":43}},{"start":{"line":45,"column":47},"end":{"line":45,"column":73}}],"line":45},"4":{"loc":{"start":{"line":50,"column":45},"end":{"line":50,"column":77}},"type":"cond-expr","locations":[{"start":{"line":50,"column":58},"end":{"line":50,"column":64}},{"start":{"line":50,"column":67},"end":{"line":50,"column":77}}],"line":50},"5":{"loc":{"start":{"line":52,"column":8},"end":{"line":61,"column":9}},"type":"if","locations":[{"start":{"line":52,"column":8},"end":{"line":61,"column":9}},{"start":{},"end":{}}],"line":52},"6":{"loc":{"start":{"line":63,"column":8},"end":{"line":63,"column":30}},"type":"if","locations":[{"start":{"line":63,"column":8},"end":{"line":63,"column":30}},{"start":{},"end":{}}],"line":63},"7":{"loc":{"start":{"line":68,"column":12},"end":{"line":71,"column":13}},"type":"if","locations":[{"start":{"line":68,"column":12},"end":{"line":71,"column":13}},{"start":{},"end":{}}],"line":68},"8":{"loc":{"start":{"line":76,"column":12},"end":{"line":82,"column":13}},"type":"if","locations":[{"start":{"line":76,"column":12},"end":{"line":82,"column":13}},{"start":{},"end":{}}],"line":76},"9":{"loc":{"start":{"line":78,"column":34},"end":{"line":78,"column":83}},"type":"binary-expr","locations":[{"start":{"line":78,"column":34},"end":{"line":78,"column":52}},{"start":{"line":78,"column":56},"end":{"line":78,"column":83}}],"line":78},"10":{"loc":{"start":{"line":79,"column":49},"end":{"line":79,"column":77}},"type":"binary-expr","locations":[{"start":{"line":79,"column":49},"end":{"line":79,"column":63}},{"start":{"line":79,"column":67},"end":{"line":79,"column":77}}],"line":79},"11":{"loc":{"start":{"line":81,"column":16},"end":{"line":81,"column":87}},"type":"if","locations":[{"start":{"line":81,"column":16},"end":{"line":81,"column":87}},{"start":{},"end":{}}],"line":81},"12":{"loc":{"start":{"line":87,"column":12},"end":{"line":99,"column":13}},"type":"if","locations":[{"start":{"line":87,"column":12},"end":{"line":99,"column":13}},{"start":{},"end":{}}],"line":87},"13":{"loc":{"start":{"line":89,"column":16},"end":{"line":97,"column":17}},"type":"if","locations":[{"start":{"line":89,"column":16},"end":{"line":97,"column":17}},{"start":{"line":92,"column":23},"end":{"line":97,"column":17}}],"line":89},"14":{"loc":{"start":{"line":90,"column":20},"end":{"line":91,"column":81}},"type":"if","locations":[{"start":{"line":90,"column":20},"end":{"line":91,"column":81}},{"start":{},"end":{}}],"line":90},"15":{"loc":{"start":{"line":92,"column":23},"end":{"line":97,"column":17}},"type":"if","locations":[{"start":{"line":92,"column":23},"end":{"line":97,"column":17}},{"start":{"line":95,"column":23},"end":{"line":97,"column":17}}],"line":92},"16":{"loc":{"start":{"line":93,"column":20},"end":{"line":94,"column":82}},"type":"if","locations":[{"start":{"line":93,"column":20},"end":{"line":94,"column":82}},{"start":{},"end":{}}],"line":93},"17":{"loc":{"start":{"line":102,"column":12},"end":{"line":106,"column":13}},"type":"if","locations":[{"start":{"line":102,"column":12},"end":{"line":106,"column":13}},{"start":{},"end":{}}],"line":102},"18":{"loc":{"start":{"line":102,"column":16},"end":{"line":102,"column":50}},"type":"binary-expr","locations":[{"start":{"line":102,"column":16},"end":{"line":102,"column":36}},{"start":{"line":102,"column":40},"end":{"line":102,"column":50}}],"line":102},"19":{"loc":{"start":{"line":103,"column":16},"end":{"line":104,"column":73}},"type":"if","locations":[{"start":{"line":103,"column":16},"end":{"line":104,"column":73}},{"start":{},"end":{}}],"line":103},"20":{"loc":{"start":{"line":110,"column":12},"end":{"line":114,"column":13}},"type":"if","locations":[{"start":{"line":110,"column":12},"end":{"line":114,"column":13}},{"start":{},"end":{}}],"line":110},"21":{"loc":{"start":{"line":111,"column":16},"end":{"line":112,"column":100}},"type":"if","locations":[{"start":{"line":111,"column":16},"end":{"line":112,"column":100}},{"start":{},"end":{}}],"line":111}},"s":{"0":1,"1":6,"2":0,"3":0,"4":6,"5":6,"6":6,"7":0,"8":0,"9":5,"10":5,"11":5,"12":5,"13":0,"14":5,"15":1,"16":1,"17":4,"18":4,"19":4,"20":4,"21":0,"22":4,"23":4,"24":4,"25":1,"26":1,"27":3,"28":3,"29":3,"30":3,"31":3,"32":3,"33":3,"34":3,"35":3,"36":1,"37":1,"38":1,"39":1,"40":0,"41":0,"42":0,"43":0,"44":1,"45":2,"46":1,"47":1,"48":1,"49":1,"50":1,"51":1,"52":1,"53":1,"54":0,"55":0,"56":1},"f":{"0":6,"1":5,"2":5},"b":{"0":[0,6],"1":[0,5],"2":[1,4],"3":[5,4],"4":[0,4],"5":[4,0],"6":[0,4],"7":[1,3],"8":[3,0],"9":[3,1],"10":[3,1],"11":[3,0],"12":[1,2],"13":[1,0],"14":[1,0],"15":[0,0],"16":[0,0],"17":[1,1],"18":[2,1],"19":[1,0],"20":[1,0],"21":[1,0]},"_coverageSchema":"1a1c01bbd47fc00a2c39e90264f33305004495a9","hash":"9b6c81a71eafdb1f7884138082a50d33f662ad00"}
,"C:\\Users\\lukas\\Documents\\Repositorios\\BotArena\\botarena-back\\src\\repositories\\BaseRepository.js": {"path":"C:\\Users\\lukas\\Documents\\Repositorios\\BotArena\\botarena-back\\src\\repositories\\BaseRepository.js","statementMap":{"0":{"start":{"line":16,"column":8},"end":{"line":16,"column":21}},"1":{"start":{"line":17,"column":8},"end":{"line":17,"column":35}},"2":{"start":{"line":18,"column":8},"end":{"line":18,"column":35}},"3":{"start":{"line":27,"column":8},"end":{"line":30,"column":10}},"4":{"start":{"line":39,"column":8},"end":{"line":42,"column":10}},"5":{"start":{"line":51,"column":32},"end":{"line":51,"column":71}},"6":{"start":{"line":52,"column":24},"end":{"line":52,"column":52}},"7":{"start":{"line":53,"column":29},"end":{"line":53,"column":62}},"8":{"start":{"line":53,"column":47},"end":{"line":53,"column":50}},"9":{"start":{"line":54,"column":23},"end":{"line":54,"column":53}},"10":{"start":{"line":56,"column":23},"end":{"line":59,"column":9}},"11":{"start":{"line":60,"column":8},"end":{"line":60,"column":46}},"12":{"start":{"line":70,"column":24},"end":{"line":70,"column":41}},"13":{"start":{"line":71,"column":27},"end":{"line":71,"column":70}},"14":{"start":{"line":71,"column":46},"end":{"line":71,"column":58}},"15":{"start":{"line":72,"column":23},"end":{"line":72,"column":67}},"16":{"start":{"line":74,"column":23},"end":{"line":77,"column":9}},"17":{"start":{"line":78,"column":8},"end":{"line":78,"column":30}},"18":{"start":{"line":87,"column":23},"end":{"line":90,"column":9}},"19":{"start":{"line":91,"column":8},"end":{"line":91,"column":30}},"20":{"start":{"line":95,"column":0},"end":{"line":95,"column":32}}},"fnMap":{"0":{"name":"(anonymous_0)","decl":{"start":{"line":15,"column":4},"end":{"line":15,"column":5}},"loc":{"start":{"line":15,"column":46},"end":{"line":19,"column":5}},"line":15},"1":{"name":"(anonymous_1)","decl":{"start":{"line":26,"column":4},"end":{"line":26,"column":5}},"loc":{"start":{"line":26,"column":23},"end":{"line":31,"column":5}},"line":26},"2":{"name":"(anonymous_2)","decl":{"start":{"line":38,"column":4},"end":{"line":38,"column":5}},"loc":{"start":{"line":38,"column":38},"end":{"line":43,"column":5}},"line":38},"3":{"name":"(anonymous_3)","decl":{"start":{"line":50,"column":4},"end":{"line":50,"column":5}},"loc":{"start":{"line":50,"column":23},"end":{"line":61,"column":5}},"line":50},"4":{"name":"(anonymous_4)","decl":{"start":{"line":53,"column":41},"end":{"line":53,"column":42}},"loc":{"start":{"line":53,"column":47},"end":{"line":53,"column":50}},"line":53},"5":{"name":"(anonymous_5)","decl":{"start":{"line":69,"column":4},"end":{"line":69,"column":5}},"loc":{"start":{"line":69,"column":27},"end":{"line":79,"column":5}},"line":69},"6":{"name":"(anonymous_6)","decl":{"start":{"line":71,"column":39},"end":{"line":71,"column":40}},"loc":{"start":{"line":71,"column":46},"end":{"line":71,"column":58}},"line":71},"7":{"name":"(anonymous_7)","decl":{"start":{"line":86,"column":4},"end":{"line":86,"column":5}},"loc":{"start":{"line":86,"column":21},"end":{"line":92,"column":5}},"line":86}},"branchMap":{"0":{"loc":{"start":{"line":15,"column":31},"end":{"line":15,"column":44}},"type":"default-arg","locations":[{"start":{"line":15,"column":43},"end":{"line":15,"column":44}}],"line":15},"1":{"loc":{"start":{"line":38,"column":18},"end":{"line":38,"column":36}},"type":"default-arg","locations":[{"start":{"line":38,"column":28},"end":{"line":38,"column":36}}],"line":38}},"s":{"0":2,"1":2,"2":2,"3":0,"4":0,"5":0,"6":0,"7":0,"8":0,"9":0,"10":0,"11":0,"12":0,"13":0,"14":0,"15":0,"16":0,"17":0,"18":0,"19":0,"20":1},"f":{"0":2,"1":0,"2":0,"3":0,"4":0,"5":0,"6":0,"7":0},"b":{"0":[0],"1":[0]},"_coverageSchema":"1a1c01bbd47fc00a2c39e90264f33305004495a9","hash":"5c011515f3b02793e1be1efd95e1437388040207"}
,"C:\\Users\\lukas\\Documents\\Repositorios\\BotArena\\botarena-back\\src\\repositories\\KnowledgeRepository.js": {"path":"C:\\Users\\lukas\\Documents\\Repositorios\\BotArena\\botarena-back\\src\\repositories\\KnowledgeRepository.js","statementMap":{"0":{"start":{"line":6,"column":23},"end":{"line":6,"column":50}},"1":{"start":{"line":10,"column":8},"end":{"line":10,"column":47}},"2":{"start":{"line":18,"column":8},"end":{"line":18,"column":39}},"3":{"start":{"line":29,"column":8},"end":{"line":29,"column":60}},"4":{"start":{"line":38,"column":8},"end":{"line":38,"column":31}},"5":{"start":{"line":48,"column":21},"end":{"line":51,"column":9}},"6":{"start":{"line":52,"column":27},"end":{"line":52,"column":52}},"7":{"start":{"line":53,"column":22},"end":{"line":55,"column":9}},"8":{"start":{"line":54,"column":12},"end":{"line":54,"column":58}},"9":{"start":{"line":56,"column":8},"end":{"line":56,"column":29}},"10":{"start":{"line":60,"column":0},"end":{"line":60,"column":37}}},"fnMap":{"0":{"name":"(anonymous_0)","decl":{"start":{"line":9,"column":4},"end":{"line":9,"column":5}},"loc":{"start":{"line":9,"column":31},"end":{"line":11,"column":5}},"line":9},"1":{"name":"(anonymous_1)","decl":{"start":{"line":17,"column":4},"end":{"line":17,"column":5}},"loc":{"start":{"line":17,"column":19},"end":{"line":19,"column":5}},"line":17},"2":{"name":"(anonymous_2)","decl":{"start":{"line":28,"column":4},"end":{"line":28,"column":5}},"loc":{"start":{"line":28,"column":51},"end":{"line":30,"column":5}},"line":28},"3":{"name":"(anonymous_3)","decl":{"start":{"line":37,"column":4},"end":{"line":37,"column":5}},"loc":{"start":{"line":37,"column":21},"end":{"line":39,"column":5}},"line":37},"4":{"name":"(anonymous_4)","decl":{"start":{"line":47,"column":4},"end":{"line":47,"column":5}},"loc":{"start":{"line":47,"column":30},"end":{"line":57,"column":5}},"line":47},"5":{"name":"(anonymous_5)","decl":{"start":{"line":53,"column":32},"end":{"line":53,"column":33}},"loc":{"start":{"line":54,"column":12},"end":{"line":54,"column":58}},"line":54}},"branchMap":{"0":{"loc":{"start":{"line":28,"column":33},"end":{"line":28,"column":49}},"type":"default-arg","locations":[{"start":{"line":28,"column":44},"end":{"line":28,"column":49}}],"line":28},"1":{"loc":{"start":{"line":56,"column":15},"end":{"line":56,"column":28}},"type":"binary-expr","locations":[{"start":{"line":56,"column":15},"end":{"line":56,"column":20}},{"start":{"line":56,"column":24},"end":{"line":56,"column":28}}],"line":56}},"s":{"0":0,"1":0,"2":0,"3":0,"4":0,"5":0,"6":0,"7":0,"8":0,"9":0,"10":0},"f":{"0":0,"1":0,"2":0,"3":0,"4":0,"5":0},"b":{"0":[0],"1":[0,0]}}
,"C:\\Users\\lukas\\Documents\\Repositorios\\BotArena\\botarena-back\\src\\repositories\\MenuRepository.js": {"path":"C:\\Users\\lukas\\Documents\\Repositorios\\BotArena\\botarena-back\\src\\repositories\\MenuRepository.js","statementMap":{"0":{"start":{"line":7,"column":23},"end":{"line":7,"column":50}},"1":{"start":{"line":11,"column":8},"end":{"line":11,"column":43}},"2":{"start":{"line":19,"column":20},"end":{"line":22,"column":9}},"3":{"start":{"line":23,"column":8},"end":{"line":23,"column":27}},"4":{"start":{"line":34,"column":8},"end":{"line":49,"column":11}},"5":{"start":{"line":35,"column":12},"end":{"line":38,"column":14}},"6":{"start":{"line":39,"column":27},"end":{"line":42,"column":13}},"7":{"start":{"line":43,"column":12},"end":{"line":48,"column":14}},"8":{"start":{"line":58,"column":8},"end":{"line":58,"column":31}},"9":{"start":{"line":62,"column":0},"end":{"line":62,"column":32}}},"fnMap":{"0":{"name":"(anonymous_0)","decl":{"start":{"line":10,"column":4},"end":{"line":10,"column":5}},"loc":{"start":{"line":10,"column":31},"end":{"line":12,"column":5}},"line":10},"1":{"name":"(anonymous_1)","decl":{"start":{"line":18,"column":4},"end":{"line":18,"column":5}},"loc":{"start":{"line":18,"column":22},"end":{"line":24,"column":5}},"line":18},"2":{"name":"(anonymous_2)","decl":{"start":{"line":33,"column":4},"end":{"line":33,"column":5}},"loc":{"start":{"line":33,"column":55},"end":{"line":50,"column":5}},"line":33},"3":{"name":"(anonymous_3)","decl":{"start":{"line":34,"column":35},"end":{"line":34,"column":36}},"loc":{"start":{"line":34,"column":47},"end":{"line":49,"column":9}},"line":34},"4":{"name":"(anonymous_4)","decl":{"start":{"line":57,"column":4},"end":{"line":57,"column":5}},"loc":{"start":{"line":57,"column":21},"end":{"line":59,"column":5}},"line":57}},"branchMap":{"0":{"loc":{"start":{"line":23,"column":15},"end":{"line":23,"column":26}},"type":"binary-expr","locations":[{"start":{"line":23,"column":15},"end":{"line":23,"column":18}},{"start":{"line":23,"column":22},"end":{"line":23,"column":26}}],"line":23},"1":{"loc":{"start":{"line":33,"column":38},"end":{"line":33,"column":53}},"type":"default-arg","locations":[{"start":{"line":33,"column":49},"end":{"line":33,"column":53}}],"line":33}},"s":{"0":0,"1":0,"2":0,"3":0,"4":0,"5":0,"6":0,"7":0,"8":0,"9":0},"f":{"0":0,"1":0,"2":0,"3":0,"4":0},"b":{"0":[0,0],"1":[0]}}
,"C:\\Users\\lukas\\Documents\\Repositorios\\BotArena\\botarena-back\\src\\repositories\\SettingsRepository.js": {"path":"C:\\Users\\lukas\\Documents\\Repositorios\\BotArena\\botarena-back\\src\\repositories\\SettingsRepository.js","statementMap":{"0":{"start":{"line":7,"column":23},"end":{"line":7,"column":50}},"1":{"start":{"line":11,"column":8},"end":{"line":11,"column":41}},"2":{"start":{"line":19,"column":20},"end":{"line":22,"column":9}},"3":{"start":{"line":23,"column":8},"end":{"line":26,"column":10}},"4":{"start":{"line":35,"column":23},"end":{"line":37,"column":18}},"5":{"start":{"line":39,"column":23},"end":{"line":56,"column":10}},"6":{"start":{"line":57,"column":8},"end":{"line":57,"column":30}},"7":{"start":{"line":61,"column":0},"end":{"line":61,"column":36}}},"fnMap":{"0":{"name":"(anonymous_0)","decl":{"start":{"line":10,"column":4},"end":{"line":10,"column":5}},"loc":{"start":{"line":10,"column":31},"end":{"line":12,"column":5}},"line":10},"1":{"name":"(anonymous_1)","decl":{"start":{"line":18,"column":4},"end":{"line":18,"column":5}},"loc":{"start":{"line":18,"column":16},"end":{"line":27,"column":5}},"line":18},"2":{"name":"(anonymous_2)","decl":{"start":{"line":34,"column":4},"end":{"line":34,"column":5}},"loc":{"start":{"line":34,"column":25},"end":{"line":58,"column":5}},"line":34}},"branchMap":{"0":{"loc":{"start":{"line":35,"column":23},"end":{"line":37,"column":18}},"type":"cond-expr","locations":[{"start":{"line":36,"column":15},"end":{"line":36,"column":40}},{"start":{"line":37,"column":14},"end":{"line":37,"column":18}}],"line":35},"1":{"loc":{"start":{"line":36,"column":15},"end":{"line":36,"column":40}},"type":"cond-expr","locations":[{"start":{"line":36,"column":35},"end":{"line":36,"column":36}},{"start":{"line":36,"column":39},"end":{"line":36,"column":40}}],"line":36},"2":{"loc":{"start":{"line":49,"column":12},"end":{"line":49,"column":39}},"type":"binary-expr","locations":[{"start":{"line":49,"column":12},"end":{"line":49,"column":26}},{"start":{"line":49,"column":35},"end":{"line":49,"column":39}}],"line":49},"3":{"loc":{"start":{"line":50,"column":12},"end":{"line":50,"column":39}},"type":"binary-expr","locations":[{"start":{"line":50,"column":12},"end":{"line":50,"column":22}},{"start":{"line":50,"column":35},"end":{"line":50,"column":39}}],"line":50},"4":{"loc":{"start":{"line":51,"column":12},"end":{"line":51,"column":39}},"type":"binary-expr","locations":[{"start":{"line":51,"column":12},"end":{"line":51,"column":31}},{"start":{"line":51,"column":35},"end":{"line":51,"column":39}}],"line":51},"5":{"loc":{"start":{"line":52,"column":12},"end":{"line":52,"column":39}},"type":"binary-expr","locations":[{"start":{"line":52,"column":12},"end":{"line":52,"column":30}},{"start":{"line":52,"column":35},"end":{"line":52,"column":39}}],"line":52}},"s":{"0":1,"1":2,"2":1,"3":1,"4":1,"5":1,"6":1,"7":1},"f":{"0":2,"1":1,"2":1},"b":{"0":[1,0],"1":[0,1],"2":[1,0],"3":[1,1],"4":[1,1],"5":[1,1]},"_coverageSchema":"1a1c01bbd47fc00a2c39e90264f33305004495a9","hash":"8fc5cd7a5129cc5ae61340ca6340c8fe56581b24"}
}
