TN:
SF:src\handlers\botHandler.js
FN:14,safeReply
FN:38,setupBotHandler
FN:41,(anonymous_2)
FNF:3
FNH:3
FNDA:6,safeReply
FNDA:5,setupBotHandler
FNDA:5,(anonymous_2)
DA:4,1
DA:15,6
DA:16,0
DA:17,0
DA:19,6
DA:20,6
DA:21,6
DA:23,0
DA:24,0
DA:39,5
DA:40,5
DA:41,5
DA:42,5
DA:45,5
DA:46,1
DA:47,1
DA:50,4
DA:52,4
DA:53,4
DA:63,4
DA:65,4
DA:66,4
DA:68,4
DA:69,1
DA:70,1
DA:73,3
DA:76,3
DA:77,3
DA:78,3
DA:80,3
DA:81,3
DA:84,3
DA:87,3
DA:88,1
DA:89,1
DA:90,1
DA:91,1
DA:92,0
DA:93,0
DA:94,0
DA:96,0
DA:98,1
DA:102,2
DA:103,1
DA:104,1
DA:105,1
DA:109,1
DA:110,1
DA:111,1
DA:112,1
DA:113,1
DA:116,0
DA:119,0
DA:124,1
LF:54
LH:44
BRDA:15,0,0,0
BRDA:15,0,1,6
BRDA:42,1,0,0
BRDA:42,1,1,5
BRDA:45,2,0,1
BRDA:45,2,1,4
BRDA:45,3,0,5
BRDA:45,3,1,4
BRDA:50,4,0,0
BRDA:50,4,1,4
BRDA:52,5,0,4
BRDA:52,5,1,0
BRDA:63,6,0,0
BRDA:63,6,1,4
BRDA:68,7,0,1
BRDA:68,7,1,3
BRDA:76,8,0,3
BRDA:76,8,1,0
BRDA:78,9,0,3
BRDA:78,9,1,1
BRDA:79,10,0,3
BRDA:79,10,1,1
BRDA:81,11,0,3
BRDA:81,11,1,0
BRDA:87,12,0,1
BRDA:87,12,1,2
BRDA:89,13,0,1
BRDA:89,13,1,0
BRDA:90,14,0,1
BRDA:90,14,1,0
BRDA:92,15,0,0
BRDA:92,15,1,0
BRDA:93,16,0,0
BRDA:93,16,1,0
BRDA:102,17,0,1
BRDA:102,17,1,1
BRDA:102,18,0,2
BRDA:102,18,1,1
BRDA:103,19,0,1
BRDA:103,19,1,0
BRDA:110,20,0,1
BRDA:110,20,1,0
BRDA:111,21,0,1
BRDA:111,21,1,0
BRF:44
BRH:28
end_of_record
TN:
SF:src\repositories\BaseRepository.js
FN:15,(anonymous_0)
FN:26,(anonymous_1)
FN:38,(anonymous_2)
FN:50,(anonymous_3)
FN:53,(anonymous_4)
FN:69,(anonymous_5)
FN:71,(anonymous_6)
FN:86,(anonymous_7)
FNF:8
FNH:1
FNDA:2,(anonymous_0)
FNDA:0,(anonymous_1)
FNDA:0,(anonymous_2)
FNDA:0,(anonymous_3)
FNDA:0,(anonymous_4)
FNDA:0,(anonymous_5)
FNDA:0,(anonymous_6)
FNDA:0,(anonymous_7)
DA:16,2
DA:17,2
DA:18,2
DA:27,0
DA:39,0
DA:51,0
DA:52,0
DA:53,0
DA:54,0
DA:56,0
DA:60,0
DA:70,0
DA:71,0
DA:72,0
DA:74,0
DA:78,0
DA:87,0
DA:91,0
DA:95,1
LF:19
LH:4
BRDA:15,0,0,0
BRDA:38,1,0,0
BRF:2
BRH:0
end_of_record
TN:
SF:src\repositories\KnowledgeRepository.js
FN:9,(anonymous_0)
FN:17,(anonymous_1)
FN:28,(anonymous_2)
FN:37,(anonymous_3)
FN:47,(anonymous_4)
FN:53,(anonymous_5)
FNF:6
FNH:0
FNDA:0,(anonymous_0)
FNDA:0,(anonymous_1)
FNDA:0,(anonymous_2)
FNDA:0,(anonymous_3)
FNDA:0,(anonymous_4)
FNDA:0,(anonymous_5)
DA:6,0
DA:10,0
DA:18,0
DA:29,0
DA:38,0
DA:48,0
DA:52,0
DA:53,0
DA:54,0
DA:56,0
DA:60,0
LF:11
LH:0
BRDA:28,0,0,0
BRDA:56,1,0,0
BRDA:56,1,1,0
BRF:3
BRH:0
end_of_record
TN:
SF:src\repositories\MenuRepository.js
FN:10,(anonymous_0)
FN:18,(anonymous_1)
FN:33,(anonymous_2)
FN:34,(anonymous_3)
FN:57,(anonymous_4)
FNF:5
FNH:0
FNDA:0,(anonymous_0)
FNDA:0,(anonymous_1)
FNDA:0,(anonymous_2)
FNDA:0,(anonymous_3)
FNDA:0,(anonymous_4)
DA:7,0
DA:11,0
DA:19,0
DA:23,0
DA:34,0
DA:35,0
DA:39,0
DA:43,0
DA:58,0
DA:62,0
LF:10
LH:0
BRDA:23,0,0,0
BRDA:23,0,1,0
BRDA:33,1,0,0
BRF:3
BRH:0
end_of_record
TN:
SF:src\repositories\SettingsRepository.js
FN:10,(anonymous_0)
FN:18,(anonymous_1)
FN:34,(anonymous_2)
FNF:3
FNH:3
FNDA:2,(anonymous_0)
FNDA:1,(anonymous_1)
FNDA:1,(anonymous_2)
DA:7,1
DA:11,2
DA:19,1
DA:23,1
DA:35,1
DA:39,1
DA:57,1
DA:61,1
LF:8
LH:8
BRDA:35,0,0,1
BRDA:35,0,1,0
BRDA:36,1,0,0
BRDA:36,1,1,1
BRDA:49,2,0,1
BRDA:49,2,1,0
BRDA:50,3,0,1
BRDA:50,3,1,1
BRDA:51,4,0,1
BRDA:51,4,1,1
BRDA:52,5,0,1
BRDA:52,5,1,1
BRF:12
BRH:9
end_of_record
